
**** Build of configuration Debug for project adcsinglechannel_CC1310_LAUNCHXL_tirtos_ccs ****

"C:\\ti\\ccsv7\\utils\\bin\\gmake" -k -j 8 all -O 
 
'Building file: "../CC1310_LAUNCHXL.c"'
'Invoking: ARM Compiler'
"C:/ti/ccsv7/tools/compiler/ti-cgt-arm_16.9.7.LTS/bin/armcl" -mv7M3 --code_state=16 --float_support=vfplib -me --include_path="C:/git/UofACapstone18_grp1_git/adcsinglechannel_CC1310_LAUNCHXL_tirtos_ccs" --include_path="C:/ti/simplelink_cc13x0_sdk_1_50_00_08/kernel/tirtos/packages/ti/sysbios/posix" --include_path="C:/ti/ccsv7/tools/compiler/ti-cgt-arm_16.9.7.LTS/include" --define=DeviceFamily_CC13X0 -g --diag_warning=225 --diag_warning=255 --diag_wrap=off --display_error_number --gen_func_subsections=on --preproc_with_compile --preproc_dependency="CC1310_LAUNCHXL.d_raw" --cmd_file="C:/git/UofACapstone18_grp1_git/tirtos_builds_CC1310_LAUNCHXL_release_ccs/Debug/configPkg/compiler.opt" "../CC1310_LAUNCHXL.c"
"../CC1310_LAUNCHXL.c", line 199: warning #1238-D: excess initializers are ignored
"../CC1310_LAUNCHXL.c", line 221: warning #1238-D: excess initializers are ignored
'Finished building: "../CC1310_LAUNCHXL.c"'
 
'Building file: "../adcsinglechannel.c"'
'Invoking: ARM Compiler'
"C:/ti/ccsv7/tools/compiler/ti-cgt-arm_16.9.7.LTS/bin/armcl" -mv7M3 --code_state=16 --float_support=vfplib -me --include_path="C:/git/UofACapstone18_grp1_git/adcsinglechannel_CC1310_LAUNCHXL_tirtos_ccs" --include_path="C:/ti/simplelink_cc13x0_sdk_1_50_00_08/kernel/tirtos/packages/ti/sysbios/posix" --include_path="C:/ti/ccsv7/tools/compiler/ti-cgt-arm_16.9.7.LTS/include" --define=DeviceFamily_CC13X0 -g --diag_warning=225 --diag_warning=255 --diag_wrap=off --display_error_number --gen_func_subsections=on --preproc_with_compile --preproc_dependency="adcsinglechannel.d_raw" --cmd_file="C:/git/UofACapstone18_grp1_git/tirtos_builds_CC1310_LAUNCHXL_release_ccs/Debug/configPkg/compiler.opt" "../adcsinglechannel.c"
'Finished building: "../adcsinglechannel.c"'
 
'Building file: "../main_tirtos.c"'
'Invoking: ARM Compiler'
"C:/ti/ccsv7/tools/compiler/ti-cgt-arm_16.9.7.LTS/bin/armcl" -mv7M3 --code_state=16 --float_support=vfplib -me --include_path="C:/git/UofACapstone18_grp1_git/adcsinglechannel_CC1310_LAUNCHXL_tirtos_ccs" --include_path="C:/ti/simplelink_cc13x0_sdk_1_50_00_08/kernel/tirtos/packages/ti/sysbios/posix" --include_path="C:/ti/ccsv7/tools/compiler/ti-cgt-arm_16.9.7.LTS/include" --define=DeviceFamily_CC13X0 -g --diag_warning=225 --diag_warning=255 --diag_wrap=off --display_error_number --gen_func_subsections=on --preproc_with_compile --preproc_dependency="main_tirtos.d_raw" --cmd_file="C:/git/UofACapstone18_grp1_git/tirtos_builds_CC1310_LAUNCHXL_release_ccs/Debug/configPkg/compiler.opt" "../main_tirtos.c"
'Finished building: "../main_tirtos.c"'
 
'Building target: "adcsinglechannel_CC1310_LAUNCHXL_tirtos_ccs.out"'
'Invoking: ARM Linker'
"C:/ti/ccsv7/tools/compiler/ti-cgt-arm_16.9.7.LTS/bin/armcl" -mv7M3 --code_state=16 --float_support=vfplib -me --define=DeviceFamily_CC13X0 -g --diag_warning=225 --diag_warning=255 --diag_wrap=off --display_error_number --gen_func_subsections=on -z -m"adcsinglechannel_CC1310_LAUNCHXL_tirtos_ccs.map" -i"C:/ti/ccsv7/tools/compiler/ti-cgt-arm_16.9.7.LTS/lib" -i"C:/ti/ccsv7/tools/compiler/ti-cgt-arm_16.9.7.LTS/include" --reread_libs --diag_wrap=off --display_error_number --warn_sections --xml_link_info="adcsinglechannel_CC1310_LAUNCHXL_tirtos_ccs_linkInfo.xml" --rom_model -o "adcsinglechannel_CC1310_LAUNCHXL_tirtos_ccs.out" "./CC1310_LAUNCHXL.obj" "./adcsinglechannel.obj" "./ccfg.obj" "./main_tirtos.obj" "../CC1310_LAUNCHXL_TIRTOS.cmd" -l"C:/git/UofACapstone18_grp1_git/tirtos_builds_CC1310_LAUNCHXL_release_ccs/Debug/configPkg/linker.cmd" -l"C:/ti/simplelink_cc13x0_sdk_1_50_00_08/source/ti/display/lib/display.aem3" -l"C:/ti/simplelink_cc13x0_sdk_1_50_00_08/source/ti/mw/lcd/lib/lcd.aem3" -l"C:/ti/simplelink_cc13x0_sdk_1_50_00_08/source/ti/grlib/lib/grlib.aem3" -l"C:/ti/simplelink_cc13x0_sdk_1_50_00_08/source/ti/drivers/rf/lib/rf_multiMode_cc13x0.aem3" -l"C:/ti/simplelink_cc13x0_sdk_1_50_00_08/source/ti/drivers/lib/drivers_cc13x0.aem3" -l"C:/ti/simplelink_cc13x0_sdk_1_50_00_08/source/ti/drivers/pdm/lib/pdm_cc13x0.aem3" -l"C:/ti/simplelink_cc13x0_sdk_1_50_00_08/kernel/tirtos/packages/ti/dpl/lib/dpl_cc13x0.aem3" -l"C:/ti/simplelink_cc13x0_sdk_1_50_00_08/source/ti/devices/cc13x0/driverlib/bin/ccs/driverlib.lib" -llibc.a 
<Linking>
'Finished building target: "adcsinglechannel_CC1310_LAUNCHXL_tirtos_ccs.out"'
 

**** Build Finished ****
