
**** Build of configuration Debug for project tirtos_builds_CC1310_LAUNCHXL_release_ccs ****

"C:\\ti\\ccsv7\\utils\\bin\\gmake" -k -j 8 all -O 
gmake[1]: Entering directory 'C:/git/UofACapstone18_grp1_git/tirtos_builds_CC1310_LAUNCHXL_release_ccs/Debug'
'Building file: ../release.cfg'
'Invoking: XDCtools'
"C:/ti/xdctools_3_50_03_33_core/xs" --xdcpath="C:/ti/simplelink_cc13x0_sdk_1_50_00_08/source;C:/ti/simplelink_cc13x0_sdk_1_50_00_08/kernel/tirtos/packages;C:/ti/ccsv7/ccs_base;" xdc.tools.configuro -o configPkg -t ti.targets.arm.elf.M3 -p ti.platforms.simplelink:CC1310F128 -r release -c "C:/ti/ccsv7/tools/compiler/ti-cgt-arm_16.9.6.LTS" --compileOptions " -DDeviceFamily_CC13X0 " "../release.cfg"
making package.mak (because of package.bld) ...
generating interfaces for package configPkg (because package/package.xdc.inc is older than package.xdc) ...
configuring release.xem3 from package/cfg/release_pem3.cfg ...
generating custom ROM library makefile ... 
Starting build of library sources ...
making C:/git/UofACapstone18_grp1_git/tirtos_builds_CC1310_LAUNCHXL_release_ccs/src/sysbios/rom_sysbios.aem3 ...
gmake[1]: Entering directory `C:/git/UofACapstone18_grp1_git/tirtos_builds_CC1310_LAUNCHXL_release_ccs/src/sysbios'
clem3 C:/ti/simplelink_cc13x0_sdk_1_50_00_08/kernel/tirtos/packages/ti/sysbios/BIOS.c ...
asmem3 C:/ti/simplelink_cc13x0_sdk_1_50_00_08/kernel/tirtos/packages/ti/sysbios/family/arm/m3/Hwi_asm.sv7M ...
asmem3 C:/ti/simplelink_cc13x0_sdk_1_50_00_08/kernel/tirtos/packages/ti/sysbios/family/arm/m3/Hwi_asm_switch.sv7M ...
asmem3 C:/ti/simplelink_cc13x0_sdk_1_50_00_08/kernel/tirtos/packages/ti/sysbios/family/arm/m3/IntrinsicsSupport_asm.sv7M ...
asmem3 C:/ti/simplelink_cc13x0_sdk_1_50_00_08/kernel/tirtos/packages/ti/sysbios/family/arm/m3/TaskSupport_asm.sv7M ...
arem3 rom_sysbios.obj m3_Hwi_asm.obj m3_Hwi_asm_switch.obj m3_IntrinsicsSupport_asm.obj m3_TaskSupport_asm.obj ...
gmake[1]: Leaving directory `C:/git/UofACapstone18_grp1_git/tirtos_builds_CC1310_LAUNCHXL_release_ccs/src/sysbios'
Build of libraries done.
clem3 package/cfg/release_pem3.c ...
'Finished building: ../release.cfg'
' '
gmake[1]: Leaving directory 'C:/git/UofACapstone18_grp1_git/tirtos_builds_CC1310_LAUNCHXL_release_ccs/Debug'
        1 file(s) copied.
making ../src/sysbios/rom_sysbios.aem3 ...
gmake[1]: Nothing to be done for 'all'.
gmake[1]: Nothing to be done for 'configPkg/linker.cmd'.
making ../src/sysbios/rom_sysbios.aem3 ...
gmake[2]: Nothing to be done for 'all'.

**** Build Finished ****
