
**** Build of configuration Debug for project Vent_CC1310_Node_3 ****

"C:\\ti\\ccsv7\\utils\\bin\\gmake" -k -j 8 all -O 
 
'Building file: "../NodeRadioTask.c"'
'Invoking: ARM Compiler'
"C:/ti/ccsv7/tools/compiler/ti-cgt-arm_16.9.7.LTS/bin/armcl" -mv7M3 --code_state=16 --float_support=vfplib -me --include_path="C:/git/UofACapstone18_grp1_git/Vent_CC1310_Node_3" --include_path="C:/ti/simplelink_cc13x0_sdk_1_50_00_08/kernel/tirtos/packages/ti/sysbios/posix" --include_path="C:/ti/ccsv7/tools/compiler/ti-cgt-arm_16.9.7.LTS/include" --define=DeviceFamily_CC13X0 -g --diag_warning=225 --diag_warning=255 --diag_wrap=off --display_error_number --gen_func_subsections=on --preproc_with_compile --preproc_dependency="NodeRadioTask.d_raw" --cmd_file="C:/git/UofACapstone18_grp1_git/tirtos_builds_CC1310_LAUNCHXL_release_ccs/Debug/configPkg/compiler.opt" "../NodeRadioTask.c"

>> Compilation failure
subdir_rules.mk:16: recipe for target 'NodeRadioTask.obj' failed
"..\NodeRadioTask.h", line 53: warning #233-D: declaration is not visible outside of function
"../NodeRadioTask.c", line 158: warning #233-D: declaration is not visible outside of function
"../NodeRadioTask.c", line 118: warning #179-D: variable "concentratorRadioTaskParams_RX" was declared but never referenced
"../NodeRadioTask.c", line 120: warning #179-D: variable "concentratorRadioTaskStack_RX" was declared but never referenced
"../NodeRadioTask.c", line 122: warning #179-D: variable "radioOperationEventHandle_RX" was declared but never referenced
"../NodeRadioTask.c", line 123: warning #179-D: variable "packetReceivedCallback" was declared but never referenced
"../NodeRadioTask.c", line 124: warning #179-D: variable "latestRxPacket" was declared but never referenced
"../NodeRadioTask.c", line 124: error #237: variable "latestRxPacket" was declared with a never-completed type
"../NodeRadioTask.c", line 125: warning #179-D: variable "txPacket_RX" was declared but never referenced
"../NodeRadioTask.c", line 126: warning #179-D: variable "ackPacket_RX" was declared but never referenced
"../NodeRadioTask.c", line 127: warning #179-D: variable "concentratorAddress" was declared but never referenced
"../NodeRadioTask.c", line 128: warning #179-D: variable "latestRssi" was declared but never referenced
"../NodeRadioTask.c", line 156: warning #179-D: function "NodeRadioTaskFunction_RX" was declared but never referenced
"../NodeRadioTask.c", line 157: warning #179-D: function "rxDoneCallback_RX" was declared but never referenced
"../NodeRadioTask.c", line 158: warning #179-D: function "notifyPacketReceived" was declared but never referenced
"../NodeRadioTask.c", line 159: warning #179-D: function "sendAck" was declared but never referenced
1 error detected in the compilation of "../NodeRadioTask.c".
gmake: *** [NodeRadioTask.obj] Error 1
'Building file: "../NodeTask.c"'
'Invoking: ARM Compiler'
"C:/ti/ccsv7/tools/compiler/ti-cgt-arm_16.9.7.LTS/bin/armcl" -mv7M3 --code_state=16 --float_support=vfplib -me --include_path="C:/git/UofACapstone18_grp1_git/Vent_CC1310_Node_3" --include_path="C:/ti/simplelink_cc13x0_sdk_1_50_00_08/kernel/tirtos/packages/ti/sysbios/posix" --include_path="C:/ti/ccsv7/tools/compiler/ti-cgt-arm_16.9.7.LTS/include" --define=DeviceFamily_CC13X0 -g --diag_warning=225 --diag_warning=255 --diag_wrap=off --display_error_number --gen_func_subsections=on --preproc_with_compile --preproc_dependency="NodeTask.d_raw" --cmd_file="C:/git/UofACapstone18_grp1_git/tirtos_builds_CC1310_LAUNCHXL_release_ccs/Debug/configPkg/compiler.opt" "../NodeTask.c"

>> Compilation failure
subdir_rules.mk:23: recipe for target 'NodeTask.obj' failed
"..\NodeRadioTask.h", line 53: warning #233-D: declaration is not visible outside of function
"../NodeTask.c", line 518: error #411: function "NodeRadioTask_sendAdcData" returns incomplete type "enum NodeRadioOperationStatus"
1 error detected in the compilation of "../NodeTask.c".
gmake: *** [NodeTask.obj] Error 1
gmake: Target 'all' not remade because of errors.

**** Build Finished ****
